  Knight.cpp
C:\Users\je-2023\Desktop\Hollow_Knight\Hollow_Knight\Hollow_Knight\Knight.cpp(189,24): warning C4244: '=': 'double'에서 'float'(으)로 변환하면서 데이터가 손실될 수 있습니다.
C:\Users\je-2023\Desktop\Hollow_Knight\Hollow_Knight\Hollow_Knight\Knight.cpp(262,24): warning C4244: '=': 'double'에서 'float'(으)로 변환하면서 데이터가 손실될 수 있습니다.
C:\Users\je-2023\Desktop\Hollow_Knight\Hollow_Knight\Hollow_Knight\Knight.cpp(282,24): warning C4244: '+=': 'double'에서 'float'(으)로 변환하면서 데이터가 손실될 수 있습니다.
C:\Users\je-2023\Desktop\Hollow_Knight\Hollow_Knight\Hollow_Knight\Knight.cpp(286,23): warning C4244: '=': 'double'에서 'float'(으)로 변환하면서 데이터가 손실될 수 있습니다.
C:\Users\je-2023\Desktop\Hollow_Knight\Hollow_Knight\Hollow_Knight\Knight.cpp(289,30): warning C4244: '+=': 'double'에서 'float'(으)로 변환하면서 데이터가 손실될 수 있습니다.
C:\Users\je-2023\Desktop\Hollow_Knight\Hollow_Knight\Hollow_Knight\Knight.cpp(315,24): warning C4244: '+=': 'double'에서 'float'(으)로 변환하면서 데이터가 손실될 수 있습니다.
C:\Users\je-2023\Desktop\Hollow_Knight\Hollow_Knight\Hollow_Knight\Knight.cpp(316,23): warning C4244: '=': 'double'에서 'float'(으)로 변환하면서 데이터가 손실될 수 있습니다.
C:\Users\je-2023\Desktop\Hollow_Knight\Hollow_Knight\Hollow_Knight\Knight.cpp(320,30): warning C4244: '+=': 'double'에서 'float'(으)로 변환하면서 데이터가 손실될 수 있습니다.
C:\Users\je-2023\Desktop\Hollow_Knight\Hollow_Knight\Hollow_Knight\Knight.cpp(337,24): warning C4244: '+=': 'double'에서 'float'(으)로 변환하면서 데이터가 손실될 수 있습니다.
C:\Users\je-2023\Desktop\Hollow_Knight\Hollow_Knight\Hollow_Knight\Knight.cpp(338,23): warning C4244: '=': 'double'에서 'float'(으)로 변환하면서 데이터가 손실될 수 있습니다.
C:\Users\je-2023\Desktop\Hollow_Knight\Hollow_Knight\Hollow_Knight\Knight.cpp(342,30): warning C4244: '+=': 'double'에서 'float'(으)로 변환하면서 데이터가 손실될 수 있습니다.
C:\Users\je-2023\Desktop\Hollow_Knight\Hollow_Knight\Hollow_Knight\Knight.cpp(358,24): warning C4244: '+=': 'double'에서 'float'(으)로 변환하면서 데이터가 손실될 수 있습니다.
C:\Users\je-2023\Desktop\Hollow_Knight\Hollow_Knight\Hollow_Knight\Knight.cpp(372,24): warning C4244: '+=': 'double'에서 'float'(으)로 변환하면서 데이터가 손실될 수 있습니다.
C:\Users\je-2023\Desktop\Hollow_Knight\Hollow_Knight\Hollow_Knight\Knight.cpp(389,24): warning C4244: '+=': 'double'에서 'float'(으)로 변환하면서 데이터가 손실될 수 있습니다.
C:\Users\je-2023\Desktop\Hollow_Knight\Hollow_Knight\Hollow_Knight\Knight.cpp(399,24): warning C4244: '+=': 'double'에서 'float'(으)로 변환하면서 데이터가 손실될 수 있습니다.
DirectXTex.lib(BC.obj) : warning LNK4099: 'DirectXTex.pdb' PDB를 'DirectXTex.lib(BC.obj)' 또는 'C:\Users\je-2023\Desktop\Hollow_Knight\x64\Debug\DirectXTex.pdb'에서 찾을 수 없습니다. 디버그 정보가 없는 것처럼 개체를 링크합니다.
DirectXTex.lib(BC4BC5.obj) : warning LNK4099: 'DirectXTex.pdb' PDB를 'DirectXTex.lib(BC4BC5.obj)' 또는 'C:\Users\je-2023\Desktop\Hollow_Knight\x64\Debug\DirectXTex.pdb'에서 찾을 수 없습니다. 디버그 정보가 없는 것처럼 개체를 링크합니다.
DirectXTex.lib(BC6HBC7.obj) : warning LNK4099: 'DirectXTex.pdb' PDB를 'DirectXTex.lib(BC6HBC7.obj)' 또는 'C:\Users\je-2023\Desktop\Hollow_Knight\x64\Debug\DirectXTex.pdb'에서 찾을 수 없습니다. 디버그 정보가 없는 것처럼 개체를 링크합니다.
DirectXTex.lib(DirectXTexCompress.obj) : warning LNK4099: 'DirectXTex.pdb' PDB를 'DirectXTex.lib(DirectXTexCompress.obj)' 또는 'C:\Users\je-2023\Desktop\Hollow_Knight\x64\Debug\DirectXTex.pdb'에서 찾을 수 없습니다. 디버그 정보가 없는 것처럼 개체를 링크합니다.
DirectXTex.lib(DirectXTexConvert.obj) : warning LNK4099: '' PDB를 'DirectXTex.lib(DirectXTexConvert.obj)' 또는 ''에서 찾을 수 없습니다. 디버그 정보가 없는 것처럼 개체를 링크합니다.
DirectXTex.lib(DirectXTexD3D11.obj) : warning LNK4099: 'DirectXTex.pdb' PDB를 'DirectXTex.lib(DirectXTexD3D11.obj)' 또는 'C:\Users\je-2023\Desktop\Hollow_Knight\x64\Debug\DirectXTex.pdb'에서 찾을 수 없습니다. 디버그 정보가 없는 것처럼 개체를 링크합니다.
DirectXTex.lib(DirectXTexImage.obj) : warning LNK4099: 'DirectXTex.pdb' PDB를 'DirectXTex.lib(DirectXTexImage.obj)' 또는 'C:\Users\je-2023\Desktop\Hollow_Knight\x64\Debug\DirectXTex.pdb'에서 찾을 수 없습니다. 디버그 정보가 없는 것처럼 개체를 링크합니다.
DirectXTex.lib(DirectXTexMipMaps.obj) : warning LNK4099: 'DirectXTex.pdb' PDB를 'DirectXTex.lib(DirectXTexMipMaps.obj)' 또는 'C:\Users\je-2023\Desktop\Hollow_Knight\x64\Debug\DirectXTex.pdb'에서 찾을 수 없습니다. 디버그 정보가 없는 것처럼 개체를 링크합니다.
DirectXTex.lib(DirectXTexUtil.obj) : warning LNK4099: 'DirectXTex.pdb' PDB를 'DirectXTex.lib(DirectXTexUtil.obj)' 또는 'C:\Users\je-2023\Desktop\Hollow_Knight\x64\Debug\DirectXTex.pdb'에서 찾을 수 없습니다. 디버그 정보가 없는 것처럼 개체를 링크합니다.
DirectXTex.lib(DirectXTexWIC.obj) : warning LNK4099: 'DirectXTex.pdb' PDB를 'DirectXTex.lib(DirectXTexWIC.obj)' 또는 'C:\Users\je-2023\Desktop\Hollow_Knight\x64\Debug\DirectXTex.pdb'에서 찾을 수 없습니다. 디버그 정보가 없는 것처럼 개체를 링크합니다.
ImGui.lib(imgui.obj) : warning LNK4099: 'ImGui.pdb' PDB를 'ImGui.lib(imgui.obj)' 또는 'C:\Users\je-2023\Desktop\Hollow_Knight\x64\Debug\ImGui.pdb'에서 찾을 수 없습니다. 디버그 정보가 없는 것처럼 개체를 링크합니다.
ImGui.lib(imgui_draw.obj) : warning LNK4099: 'ImGui.pdb' PDB를 'ImGui.lib(imgui_draw.obj)' 또는 'C:\Users\je-2023\Desktop\Hollow_Knight\x64\Debug\ImGui.pdb'에서 찾을 수 없습니다. 디버그 정보가 없는 것처럼 개체를 링크합니다.
ImGui.lib(imgui_impl_dx11.obj) : warning LNK4099: 'ImGui.pdb' PDB를 'ImGui.lib(imgui_impl_dx11.obj)' 또는 'C:\Users\je-2023\Desktop\Hollow_Knight\x64\Debug\ImGui.pdb'에서 찾을 수 없습니다. 디버그 정보가 없는 것처럼 개체를 링크합니다.
ImGui.lib(imgui_impl_win32.obj) : warning LNK4099: 'ImGui.pdb' PDB를 'ImGui.lib(imgui_impl_win32.obj)' 또는 'C:\Users\je-2023\Desktop\Hollow_Knight\x64\Debug\ImGui.pdb'에서 찾을 수 없습니다. 디버그 정보가 없는 것처럼 개체를 링크합니다.
ImGui.lib(imgui_tables.obj) : warning LNK4099: 'ImGui.pdb' PDB를 'ImGui.lib(imgui_tables.obj)' 또는 'C:\Users\je-2023\Desktop\Hollow_Knight\x64\Debug\ImGui.pdb'에서 찾을 수 없습니다. 디버그 정보가 없는 것처럼 개체를 링크합니다.
ImGui.lib(imgui_widgets.obj) : warning LNK4099: '' PDB를 'ImGui.lib(imgui_widgets.obj)' 또는 ''에서 찾을 수 없습니다. 디버그 정보가 없는 것처럼 개체를 링크합니다.
  Hollow_Knight.vcxproj -> C:\Users\je-2023\Desktop\Hollow_Knight\x64\Debug\Hollow_Knight.exe
